Feb 01 18:22:23 Installed: 2:xinetd-2.3.14-35.el6_3.i686
Feb 01 18:22:25 Installed: krb5-appl-servers-1.0.1-7.el6_2.1.i686
Feb 01 18:22:25 Installed: krb5-appl-clients-1.0.1-7.el6_2.1.i686
Feb 01 18:22:26 Installed: ftp-0.17-51.1.el6_3.1.i686
Feb 01 18:22:27 Installed: vsftpd-2.2.2-11.el6.i686
Feb 01 19:23:41 Updated: rpm-4.8.0-27.el6.i686
Feb 01 19:23:41 Updated: rpm-libs-4.8.0-27.el6.i686
Feb 01 19:23:42 Updated: rpm-python-4.8.0-27.el6.i686
Feb 01 19:23:42 Updated: yum-plugin-fastestmirror-1.1.30-14.el6.noarch
Feb 01 19:23:44 Updated: yum-3.2.29-30.el6.centos.noarch
Feb 01 19:23:44 Updated: PackageKit-yum-plugin-0.5.8-20.el6.i686
Feb 01 19:23:45 Updated: PackageKit-gtk-module-0.5.8-20.el6.i686
Feb 01 19:23:46 Updated: PackageKit-glib-0.5.8-20.el6.i686
Feb 01 19:23:49 Updated: PackageKit-0.5.8-20.el6.i686
Feb 01 19:23:50 Updated: PackageKit-yum-0.5.8-20.el6.i686
Feb 01 19:23:50 Updated: yum-plugin-security-1.1.30-14.el6.noarch
Feb 01 19:23:51 Updated: yum-utils-1.1.30-14.el6.noarch
Feb 01 19:23:51 Updated: PackageKit-device-rebind-0.5.8-20.el6.i686
Feb 09 18:02:09 Installed: iptraf-3.0.1-14.el6.i686
Feb 09 19:32:05 Installed: dos2unix-3.1-37.el6.i686
Feb 09 20:09:28 Installed: rsh-server-0.17-60.el6.i686
Feb 11 19:51:38 Updated: samba-winbind-clients-3.5.10-125.el6.i686
Feb 11 19:51:45 Updated: samba-common-3.5.10-125.el6.i686
Feb 11 19:51:50 Updated: samba-client-3.5.10-125.el6.i686
Feb 11 19:51:53 Installed: samba-3.5.10-125.el6.i686
Feb 11 19:51:54 Updated: libsmbclient-3.5.10-125.el6.i686
Feb 14 18:45:38 Installed: 1:perl-Error-0.17015-4.el6.noarch
Feb 14 18:45:43 Installed: git-1.7.1-2.el6_0.1.i686
Feb 14 18:45:43 Installed: perl-Git-1.7.1-2.el6_0.1.noarch
Feb 17 17:12:47 Updated: 2:vim-minimal-7.2.411-1.8.el6.i686
Feb 20 00:09:27 Installed: compat-readline5-5.2-17.1.el6.i686
Feb 20 00:09:30 Installed: ruby-libs-1.8.7.352-7.el6_2.i686
Feb 20 00:09:31 Installed: ruby-1.8.7.352-7.el6_2.i686
Feb 20 00:09:31 Installed: ruby-irb-1.8.7.352-7.el6_2.i686
Feb 20 00:09:32 Installed: ruby-rdoc-1.8.7.352-7.el6_2.i686
Feb 20 00:09:33 Installed: rubygems-1.3.7-1.el6.noarch
Feb 20 00:09:36 Installed: rubygem-rake-0.8.7-2.1.el6.noarch
Feb 20 00:27:18 Installed: kernel-devel-2.6.32-279.22.1.el6.i686
Feb 20 00:36:19 Installed: SDL-1.2.14-3.el6.i686
Feb 20 00:37:38 Updated: cryptsetup-luks-libs-1.2.0-7.el6.i686
Feb 20 00:37:38 Updated: cryptsetup-luks-1.2.0-7.el6.i686
Feb 20 12:54:14 Installed: VirtualBox-4.1-4.1.24_82872_el6-1.i686
Feb 20 12:57:46 Updated: libgcc-4.4.6-4.el6.i686
Feb 20 12:57:49 Installed: kernel-headers-2.6.32-279.22.1.el6.i686
Feb 20 12:57:56 Updated: glibc-2.12-1.80.el6_3.7.i686
Feb 20 12:58:18 Updated: glibc-common-2.12-1.80.el6_3.7.i686
Feb 20 12:58:19 Updated: 1:perl-Pod-Escapes-1.04-127.el6.i686
Feb 20 12:58:20 Updated: 1:perl-Module-Pluggable-3.90-127.el6.i686
Feb 20 12:58:20 Updated: 3:perl-version-0.77-127.el6.i686
Feb 20 12:58:22 Updated: 1:perl-Pod-Simple-3.13-127.el6.i686
Feb 20 12:58:24 Updated: 4:perl-libs-5.10.1-127.el6.i686
Feb 20 12:58:32 Updated: 4:perl-5.10.1-127.el6.i686
Feb 20 12:58:33 Updated: libstdc++-4.4.6-4.el6.i686
Feb 20 12:58:34 Installed: perl-URI-1.40-2.el6.noarch
Feb 20 12:58:34 Installed: mpfr-2.4.1-6.el6.i686
Feb 20 12:58:36 Installed: autoconf-2.63-5.1.el6.noarch
Feb 20 12:58:37 Installed: automake-1.11.1-1.2.el6.noarch
Feb 20 12:58:37 Installed: perl-IO-Compress-Base-2.020-127.el6.i686
Feb 20 12:58:38 Installed: 1:perl-Compress-Raw-Zlib-2.020-127.el6.i686
Feb 20 12:58:38 Installed: libgomp-4.4.6-4.el6.i686
Feb 20 12:58:40 Updated: binutils-2.20.51.0.2-5.34.el6.i686
Feb 20 12:58:40 Installed: patch-2.6-6.el6.i686
Feb 20 12:58:41 Installed: perl-IO-Compress-Zlib-2.020-127.el6.i686
Feb 20 12:58:42 Installed: perl-Compress-Zlib-2.020-127.el6.i686
Feb 20 12:58:45 Installed: libstdc++-devel-4.4.6-4.el6.i686
Feb 20 12:58:45 Installed: perl-HTML-Tagset-3.20-4.el6.noarch
Feb 20 12:58:46 Installed: perl-HTML-Parser-3.64-2.el6.i686
Feb 20 12:58:48 Installed: perl-libwww-perl-5.833-2.el6.noarch
Feb 20 12:58:49 Installed: glibc-headers-2.12-1.80.el6_3.7.i686
Feb 20 12:58:50 Installed: glibc-devel-2.12-1.80.el6_3.7.i686
Feb 20 12:58:51 Installed: perl-XML-Parser-2.36-7.el6.i686
Feb 20 12:58:52 Installed: cpp-4.4.6-4.el6.i686
Feb 20 12:58:53 Updated: systemtap-runtime-1.7-5.el6_3.1.i686
Feb 20 12:58:59 Installed: systemtap-client-1.7-5.el6_3.1.i686
Feb 20 12:58:59 Installed: gettext-libs-0.17-16.el6.i686
Feb 20 12:59:00 Installed: ppl-0.10.2-11.el6.i686
Feb 20 12:59:00 Installed: cloog-ppl-0.15.7-1.2.el6.i686
Feb 20 12:59:03 Installed: gcc-4.4.6-4.el6.i686
Feb 20 12:59:03 Installed: cvs-1.11.23-11.el6_2.1.i686
Feb 20 12:59:05 Installed: gettext-0.17-16.el6.i686
Feb 20 12:59:06 Installed: 1:make-3.81-20.el6.i686
Feb 20 12:59:08 Installed: systemtap-devel-1.7-5.el6_3.1.i686
Feb 20 12:59:14 Installed: libgcj-4.4.6-4.el6.i686
Feb 20 12:59:15 Installed: gettext-devel-0.17-16.el6.i686
Feb 20 12:59:16 Installed: gdb-7.2-56.el6.i686
Feb 20 12:59:17 Installed: libgfortran-4.4.6-4.el6.i686
Feb 20 12:59:17 Installed: pakchois-0.4-3.2.el6.i686
Feb 20 12:59:18 Installed: neon-0.29.3-2.el6.i686
Feb 20 12:59:18 Installed: elfutils-0.152-1.el6.i686
Feb 20 12:59:19 Installed: intltool-0.41.0-1.1.el6.noarch
Feb 20 12:59:20 Installed: systemtap-1.7-5.el6_3.1.i686
Feb 20 12:59:21 Installed: libtool-2.2.6-15.5.el6.i686
Feb 20 12:59:21 Installed: redhat-rpm-config-9.0.3-39.el6.noarch
Feb 20 12:59:22 Installed: rpm-build-4.8.0-27.el6.i686
Feb 20 12:59:26 Installed: subversion-1.6.11-7.el6.i686
Feb 20 12:59:27 Installed: gcc-gfortran-4.4.6-4.el6.i686
Feb 20 12:59:28 Installed: gcc-c++-4.4.6-4.el6.i686
Feb 20 12:59:32 Installed: 1:doxygen-1.6.1-6.el6.i686
Feb 20 12:59:37 Installed: swig-1.3.40-6.el6.i686
Feb 20 12:59:38 Installed: patchutils-0.3.1-3.1.el6.i686
Feb 20 12:59:39 Installed: flex-2.5.35-8.el6.i686
Feb 20 12:59:39 Installed: byacc-1.9.20070509-7.el6.i686
Feb 20 12:59:40 Installed: diffstat-1.51-2.el6.i686
Feb 20 12:59:40 Installed: ctags-5.8-2.el6.i686
Feb 20 12:59:42 Installed: bison-2.4.1-5.el6.i686
Feb 20 12:59:42 Installed: indent-2.2.10-7.el6.i686
Feb 20 12:59:43 Installed: cscope-15.6-6.el6.i686
Feb 20 12:59:44 Installed: rcs-5.7-37.el6.i686
Feb 20 14:19:59 Updated: liberation-fonts-common-1.05.1.20090721-5.el6.noarch
Feb 20 14:20:02 Updated: bash-4.1.2-9.el6_2.i686
Feb 20 14:20:16 Updated: libselinux-2.0.94-5.3.el6.i686
Feb 20 14:20:19 Updated: glib2-2.22.5-7.el6.i686
Feb 20 14:20:19 Updated: 1:dbus-libs-1.2.24-7.el6_3.i686
Feb 20 14:20:21 Updated: chkconfig-1.3.49.3-2.el6.i686
Feb 20 14:20:22 Updated: libxml2-2.7.6-8.el6_3.4.i686
Feb 20 14:20:23 Updated: freetype-2.3.11-14.el6_3.1.i686
Feb 20 14:20:23 Updated: nspr-4.9.2-0.el6_3.1.i686
Feb 20 14:20:24 Updated: nss-util-3.13.6-1.el6_3.i686
Feb 20 14:20:25 Updated: audit-libs-2.2-2.el6.i686
Feb 20 14:20:25 Updated: libcom_err-1.41.12-12.el6.i686
Feb 20 14:20:27 Updated: sed-4.2.1-10.el6.i686
Feb 20 14:20:28 Updated: pango-1.28.1-7.el6_3.i686
Feb 20 14:20:29 Updated: libudev-147-2.42.el6.i686
Feb 20 14:20:30 Updated: pulseaudio-libs-0.9.21-14.el6_3.i686
Feb 20 14:20:31 Updated: libuuid-2.17.2-12.7.el6_3.i686
Feb 20 14:20:31 Updated: libgudev1-147-2.42.el6.i686
Feb 20 14:20:32 Updated: db4-4.7.25-17.el6.i686
Feb 20 14:20:33 Updated: cyrus-sasl-lib-2.1.23-13.el6_3.1.i686
Feb 20 14:20:34 Updated: libblkid-2.17.2-12.7.el6_3.i686
Feb 20 14:20:35 Updated: readline-6.0-4.el6.i686
Feb 20 14:20:36 Updated: gawk-3.1.7-9.el6.i686
Feb 20 14:20:37 Updated: libgcrypt-1.4.5-9.el6_2.2.i686
Feb 20 14:20:38 Updated: 2:libpng-1.2.49-1.el6_2.i686
Feb 20 14:20:39 Updated: expat-2.0.1-11.el6_2.i686
Feb 20 14:20:39 Updated: 1:control-center-filesystem-2.28.1-37.el6.i686
Feb 20 14:20:40 Updated: xorg-x11-server-common-1.10.6-1.0.1.el6.centos.i686
Feb 20 14:20:43 Updated: liberation-sans-fonts-1.05.1.20090721-5.el6.noarch
Feb 20 14:20:43 Updated: 1:busybox-1.15.1-15.el6.i686
Feb 20 14:20:46 Updated: kernel-firmware-2.6.32-279.22.1.el6.noarch
Feb 20 14:20:47 Updated: 12:dhcp-common-4.1.1-31.0.1.P1.el6.centos.1.i686
Feb 20 14:20:48 Installed: libwacom-data-0.5-3.el6.noarch
Feb 20 14:20:48 Updated: setup-2.8.14-16.el6.noarch
Feb 20 14:20:49 Updated: centos-release-6-3.el6.centos.9.i686
Feb 20 14:20:52 Updated: 1:dbus-1.2.24-7.el6_3.i686
Feb 20 14:20:53 Updated: xmlrpc-c-1.16.24-1209.1840.el6.i686
Feb 20 14:20:54 Updated: libxklavier-4.0-9.el6.i686
Feb 20 14:20:54 Updated: keyutils-libs-1.4-4.el6.i686
Feb 20 14:20:56 Updated: krb5-libs-1.9-33.el6_3.3.i686
Feb 20 14:20:56 Updated: 1:dbus-x11-1.2.24-7.el6_3.i686
Feb 20 14:20:57 Updated: pulseaudio-libs-glib2-0.9.21-14.el6_3.i686
Feb 20 14:20:58 Updated: ORBit2-2.14.17-3.2.el6_3.i686
Feb 20 14:21:00 Updated: libbonobo-2.24.2-5.el6.i686
Feb 20 14:21:00 Updated: libusb1-1.0.9-0.5.rc1.el6.i686
Feb 20 14:21:01 Updated: libtasn1-2.3-3.el6_2.1.i686
Feb 20 14:21:03 Updated: gnutls-2.8.5-4.el6_2.2.i686
Feb 20 14:21:03 Updated: pcre-7.8-4.el6.i686
Feb 20 14:21:05 Updated: grep-2.6.3-3.el6.i686
Feb 20 14:21:06 Updated: libtiff-3.9.4-9.el6_3.i686
Feb 20 14:21:07 Updated: 1:cups-libs-1.4.2-48.el6_3.3.i686
Feb 20 14:21:07 Installed: usbredir-0.4.3-1.el6_3.i686
Feb 20 14:21:08 Updated: keyutils-1.4-4.el6.i686
Feb 20 14:21:09 Installed: libwacom-0.5-3.el6.i686
Feb 20 14:21:11 Updated: libxslt-1.1.26-2.el6_3.1.i686
Feb 20 14:21:12 Updated: apr-1.3.9-5.el6_2.i686
Feb 20 14:21:13 Updated: e2fsprogs-libs-1.41.12-12.el6.i686
Feb 20 14:21:14 Updated: iptables-1.4.7-5.1.el6_2.i686
Feb 20 14:21:15 Updated: iproute-2.6.32-20.el6.i686
Feb 20 14:21:17 Updated: procps-3.2.8-23.el6.i686
Feb 20 14:21:18 Updated: 2:tar-1.23-7.el6.i686
Feb 20 14:21:19 Updated: cpio-2.10-11.el6_3.i686
Feb 20 14:21:19 Updated: libtar-1.2.11-17.el6.i686
Feb 20 14:21:20 Updated: libhbaapi-2.2-14.el6.i686
Feb 20 14:21:21 Updated: jasper-libs-1.900.1-15.el6_1.1.i686
Feb 20 14:21:25 Updated: gtk2-2.18.9-10.el6.i686
Feb 20 14:21:27 Updated: gnome-keyring-2.28.2-8.el6_3.i686
Feb 20 14:21:30 Updated: metacity-2.28.0-23.el6.i686
Feb 20 14:21:30 Updated: 1:gdm-libs-2.30.4-33.el6_3.2.i686
Feb 20 14:21:31 Updated: libhbalinux-1.0.13-1.el6.i686
Feb 20 14:21:31 Installed: gnutls-utils-2.8.5-4.el6_2.2.i686
Feb 20 14:21:35 Updated: mesa-dri-drivers-7.11-5.el6.i686
Feb 20 14:21:35 Updated: mesa-libGL-7.11-5.el6.i686
Feb 20 14:21:36 Updated: mesa-libGLU-7.11-5.el6.i686
Feb 20 14:21:36 Updated: grubby-7.0.15-3.el6.i686
Feb 20 14:21:37 Updated: cyrus-sasl-plain-2.1.23-13.el6_3.1.i686
Feb 20 14:21:39 Updated: syslinux-4.02-7.el6.i686
Feb 20 14:21:39 Updated: pulseaudio-utils-0.9.21-14.el6_3.i686
Feb 20 14:21:40 Updated: libss-1.41.12-12.el6.i686
Feb 20 14:21:41 Updated: e2fsprogs-1.41.12-12.el6.i686
Feb 20 14:21:42 Updated: upstart-0.6.5-12.el6.i686
Feb 20 14:21:43 Updated: portreserve-0.0.4-9.el6.i686
Feb 20 14:21:44 Updated: fprintd-0.1-20.git04fd09cfa.el6.i686
Feb 20 14:21:45 Installed: nc-1.84-22.el6.i686
Feb 20 14:21:47 Updated: net-tools-1.60-110.el6_2.i686
Feb 20 14:21:48 Updated: libselinux-utils-2.0.94-5.3.el6.i686
Feb 20 14:21:50 Installed: augeas-libs-0.9.0-4.el6.i686
Feb 20 14:21:51 Installed: netcf-libs-0.1.9-2.el6.i686
Feb 20 14:22:05 Updated: 2:vim-common-7.2.411-1.8.el6.i686
Feb 20 14:22:08 Updated: device-mapper-multipath-libs-0.4.9-56.el6_3.1.i686
Feb 20 14:22:10 Updated: file-libs-5.04-13.el6.i686
Feb 20 14:22:14 Updated: file-5.04-13.el6.i686
Feb 20 14:22:15 Installed: yajl-1.0.7-3.el6.i686
Feb 20 14:22:18 Updated: libevent-1.4.13-4.el6.i686
Feb 20 14:22:21 Updated: libexif-0.6.21-5.el6_3.i686
Feb 20 14:22:22 Updated: gmp-4.3.1-7.el6_2.2.i686
Feb 20 14:22:27 Updated: liberation-serif-fonts-1.05.1.20090721-5.el6.noarch
Feb 20 14:22:30 Updated: lohit-kannada-fonts-2.4.5-6.el6.noarch
Feb 20 14:22:32 Updated: liberation-mono-fonts-1.05.1.20090721-5.el6.noarch
Feb 20 14:22:32 Updated: ql2400-firmware-5.06.05-1.el6.noarch
Feb 20 14:22:35 Updated: tzdata-2012j-1.el6.noarch
Feb 20 14:22:35 Updated: xorg-x11-drv-ati-firmware-6.14.2-9.el6.noarch
Feb 20 14:22:36 Updated: ql2500-firmware-5.06.05-1.el6.noarch
Feb 20 14:22:36 Updated: coreutils-libs-8.4-19.el6.i686
Feb 20 14:22:39 Updated: coreutils-8.4-19.el6.i686
Feb 20 14:22:42 Updated: pam-1.1.1-10.el6_2.1.i686
Feb 20 14:22:50 Updated: redhat-logos-60.0.14-12.el6.centos.noarch
Feb 20 14:22:51 Updated: openssl-1.0.0-25.el6_3.1.i686
Feb 20 14:22:52 Updated: python-libs-2.6.6-29.el6_3.3.i686
Feb 20 14:22:56 Updated: python-2.6.6-29.el6_3.3.i686
Feb 20 14:22:57 Updated: module-init-tools-3.9-20.el6.i686
Feb 20 14:22:58 Updated: hwdata-0.233-7.8.el6.noarch
Feb 20 14:23:02 Updated: initscripts-9.03.31-2.el6.centos.1.i686
Feb 20 14:23:05 Updated: util-linux-ng-2.17.2-12.7.el6_3.i686
Feb 20 14:23:07 Updated: udev-147-2.42.el6.i686
Feb 20 14:23:10 Updated: gnome-desktop-2.28.2-9.el6.centos.i686
Feb 20 14:23:10 Updated: device-mapper-libs-1.02.74-10.el6_3.3.i686
Feb 20 14:23:11 Updated: device-mapper-1.02.74-10.el6_3.3.i686
Feb 20 14:23:11 Updated: device-mapper-event-libs-1.02.74-10.el6_3.3.i686
Feb 20 14:23:13 Updated: xorg-x11-server-Xorg-1.10.6-1.0.1.el6.centos.i686
Feb 20 14:23:13 Updated: kpartx-0.4.9-56.el6_3.1.i686
Feb 20 14:23:15 Updated: policycoreutils-2.0.83-19.24.el6.i686
Feb 20 14:23:16 Updated: libxml2-python-2.7.6-8.el6_3.4.i686
Feb 20 14:23:19 Updated: 1:qt-4.6.2-24.el6.i686
Feb 20 14:23:21 Updated: dracut-004-284.el6_3.1.noarch
Feb 20 14:23:21 Updated: xorg-x11-drv-wacom-0.13.0-6.el6.i686
Feb 20 14:23:22 Updated: device-mapper-event-1.02.74-10.el6_3.3.i686
Feb 20 14:23:23 Updated: mdadm-3.2.3-9.el6.i686
Feb 20 14:23:25 Updated: 12:dhclient-4.1.1-31.0.1.P1.el6.centos.1.i686
Feb 20 14:23:28 Updated: librsvg2-2.26.0-5.el6_1.1.0.1.centos.i686
Feb 20 14:23:30 Updated: authconfig-6.1.12-10.el6.i686
Feb 20 14:23:31 Updated: libselinux-python-2.0.94-5.3.el6.i686
Feb 20 14:23:32 Updated: python-slip-0.2.20-1.el6_2.noarch
Feb 20 14:23:33 Updated: cyrus-sasl-md5-2.1.23-13.el6_3.1.i686
Feb 20 14:23:33 Updated: libssh2-1.2.2-11.el6_3.i686
Feb 20 14:23:34 Updated: gnome-keyring-pam-2.28.2-8.el6_3.i686
Feb 20 14:23:35 Updated: logrotate-3.7.8-15.el6.i686
Feb 20 14:23:36 Updated: python-slip-dbus-0.2.20-1.el6_2.noarch
Feb 20 14:23:37 Updated: authconfig-gtk-6.1.12-10.el6.i686
Feb 20 14:23:37 Updated: dracut-kernel-004-284.el6_3.1.noarch
Feb 20 14:23:46 Installed: kernel-2.6.32-279.22.1.el6.i686
Feb 20 14:23:46 Updated: createrepo-0.9.8-5.el6.noarch
Feb 20 14:23:52 Updated: selinux-policy-3.7.19-155.el6_3.14.noarch
Feb 20 14:23:55 Updated: pykickstart-1.74.10-1.el6.noarch
Feb 20 14:23:56 Installed: system-config-keyboard-base-1.3.1-4.el6.i686
Feb 20 14:23:57 Updated: libproxy-bin-0.3.0-3.el6_3.i686
Feb 20 14:23:58 Updated: libproxy-0.3.0-3.el6_3.i686
Feb 20 14:23:58 Updated: libproxy-python-0.3.0-3.el6_3.i686
Feb 20 14:24:01 Updated: pulseaudio-0.9.21-14.el6_3.i686
Feb 20 14:24:02 Updated: lldpad-0.9.43-20.el6_3.i686
Feb 20 14:24:04 Updated: kexec-tools-2.0.0-245.el6_3.1.i686
Feb 20 14:24:04 Updated: dmraid-events-1.0.0.rc16-11.el6.i686
Feb 20 14:24:06 Updated: dmraid-1.0.0.rc16-11.el6.i686
Feb 20 14:24:06 Updated: lvm2-libs-2.02.95-10.el6_3.3.i686
Feb 20 14:24:08 Updated: lvm2-2.02.95-10.el6_3.3.i686
Feb 20 14:24:09 Updated: 1:qt-sqlite-4.6.2-24.el6.i686
Feb 20 14:24:10 Updated: 1:phonon-backend-gstreamer-4.6.2-24.el6.i686
Feb 20 14:24:13 Updated: 1:qt-x11-4.6.2-24.el6.i686
Feb 20 14:24:14 Updated: device-mapper-multipath-0.4.9-56.el6_3.1.i686
Feb 20 14:24:15 Updated: fcoe-utils-1.0.22-3.el6.i686
Feb 20 14:24:16 Updated: parted-2.1-18.el6.i686
Feb 20 14:24:17 Updated: nautilus-extensions-2.28.4-19.el6.i686
Feb 20 14:24:24 Updated: nautilus-2.28.4-19.el6.i686
Feb 20 14:24:25 Updated: dnsmasq-2.48-6.el6.i686
Feb 20 14:24:28 Updated: iscsi-initiator-utils-6.2.0.872-41.el6.i686
Feb 20 14:24:30 Updated: 1:wpa_supplicant-0.7.3-4.el6_3.i686
Feb 20 14:24:30 Updated: libarchive-2.8.3-4.el6_2.i686
Feb 20 14:24:31 Updated: httpd-tools-2.2.15-15.el6.centos.1.i686
Feb 20 14:24:32 Updated: 32:bind-libs-9.8.2-0.10.rc1.el6_3.6.i686
Feb 20 14:24:34 Updated: man-1.6f-30.el6.i686
Feb 20 14:24:35 Updated: rpcbind-0.2.0-9.el6.i686
Feb 20 14:24:36 Updated: nss-3.13.6-2.el6_3.i686
Feb 20 14:24:36 Updated: nss-sysinit-3.13.6-2.el6_3.i686
Feb 20 14:24:37 Installed: spice-glib-0.11-11.el6_3.1.i686
Feb 20 14:24:40 Updated: xulrunner-10.0.12-1.el6.centos.i686
Feb 20 14:24:46 Updated: firefox-10.0.12-1.el6.centos.i686
Feb 20 14:24:46 Installed: spice-gtk-0.11-11.el6_3.1.i686
Feb 20 14:24:56 Updated: thunderbird-10.0.12-3.el6.centos.i686
Feb 20 14:24:57 Updated: man-pages-overrides-6.3.3-1.el6.noarch
Feb 20 14:25:41 Updated: selinux-policy-targeted-3.7.19-155.el6_3.14.noarch
Feb 20 14:25:42 Updated: python-slip-gtk-0.2.20-1.el6_2.noarch
Feb 20 14:25:47 Updated: sos-2.2-29.el6.noarch
Feb 20 14:25:48 Updated: 1:grub-0.97-77.el6.i686
Feb 20 14:25:50 Updated: 1:NetworkManager-glib-0.8.1-34.el6_3.i686
Feb 20 14:25:52 Updated: openssh-5.3p1-81.el6_3.i686
Feb 20 14:25:53 Updated: openssh-clients-5.3p1-81.el6_3.i686
Feb 20 14:25:57 Updated: 1:NetworkManager-0.8.1-34.el6_3.i686
Feb 20 14:26:00 Updated: yelp-2.28.1-13.el6_2.i686
Feb 20 14:26:04 Updated: gnome-settings-daemon-2.28.2-20.el6_3.i686
Feb 20 14:26:07 Updated: 1:gdm-2.30.4-33.el6_3.2.i686
Feb 20 14:26:07 Updated: pulseaudio-gdm-hooks-0.9.21-14.el6_3.i686
Feb 20 14:26:12 Updated: 1:control-center-2.28.1-37.el6.i686
Feb 20 14:26:13 Installed: nss-tools-3.13.6-2.el6_3.i686
Feb 20 14:26:14 Updated: openldap-2.4.23-26.el6_3.2.i686
Feb 20 14:26:15 Updated: libcurl-7.19.7-26.el6_2.4.i686
Feb 20 14:26:17 Updated: xmlrpc-c-client-1.16.24-1209.1840.el6.i686
Feb 20 14:26:17 Updated: libreport-plugin-rhtsupport-2.0.9-5.el6.centos.2.i686
Feb 20 14:26:18 Updated: libreport-plugin-reportuploader-2.0.9-5.el6.centos.2.i686
Feb 20 14:26:20 Updated: libreport-2.0.9-5.el6.centos.2.i686
Feb 20 14:26:20 Updated: libreport-python-2.0.9-5.el6.centos.2.i686
Feb 20 14:26:22 Updated: libuser-0.56.13-5.el6.i686
Feb 20 14:26:23 Updated: libuser-python-0.56.13-5.el6.i686
Feb 20 14:26:23 Updated: libreport-newt-2.0.9-5.el6.centos.2.i686
Feb 20 14:26:24 Updated: libreport-gtk-2.0.9-5.el6.centos.2.i686
Feb 20 14:26:25 Updated: python-meh-0.12.1-3.el6.noarch
Feb 20 14:26:26 Updated: system-config-keyboard-1.3.1-4.el6.i686
Feb 20 14:26:28 Updated: firstboot-1.110.13-1.el6.i686
Feb 20 14:26:29 Updated: cyrus-sasl-2.1.23-13.el6_3.1.i686
Feb 20 14:26:32 Installed: libvirt-client-0.9.10-21.el6_3.8.i686
Feb 20 14:26:34 Installed: virt-viewer-0.5.2-9.el6.i686
Feb 20 14:26:38 Updated: libpurple-2.7.9-5.el6.2.i686
Feb 20 14:26:41 Updated: system-config-date-docs-1.0.11-1.el6.noarch
Feb 20 14:26:43 Updated: system-config-kdump-2.0.5-11.el6.noarch
Feb 20 14:26:48 Updated: pidgin-2.7.9-5.el6.2.i686
Feb 20 14:26:48 Updated: spice-xpi-2.7-20.el6.i686
Feb 20 14:26:55 Updated: anaconda-13.21.176-1.el6.centos.i686
Feb 20 14:26:56 Updated: passwd-0.77-4.el6_2.2.i686
Feb 20 14:26:57 Updated: curl-7.19.7-26.el6_2.4.i686
Feb 20 14:26:58 Updated: nspluginwrapper-1.4.4-1.el6_3.i686
Feb 20 14:27:03 Updated: 1:cups-1.4.2-48.el6_3.3.i686
Feb 20 14:27:07 Updated: httpd-2.2.15-15.el6.centos.1.i686
Feb 20 14:27:08 Updated: sudo-1.7.4p5-13.el6_3.i686
Feb 20 14:27:09 Updated: 1:autofs-5.0.5-55.el6_3.i686
Feb 20 14:27:10 Updated: 1:control-center-extra-2.28.1-37.el6.i686
Feb 20 14:27:11 Updated: 1:gdm-user-switch-applet-2.30.4-33.el6_3.2.i686
Feb 20 14:27:13 Updated: 1:NetworkManager-gnome-0.8.1-34.el6_3.i686
Feb 20 14:27:15 Updated: openssh-askpass-5.3p1-81.el6_3.i686
Feb 20 14:27:16 Updated: openssh-server-5.3p1-81.el6_3.i686
Feb 20 14:27:17 Updated: tsclient-2.0.2-8.el6.i686
Feb 20 14:27:18 Updated: spice-client-0.8.2-15.el6.i686
Feb 20 14:27:20 Updated: 1:nfs-utils-1.2.3-26.el6.i686
Feb 20 14:27:20 Updated: 32:bind-utils-9.8.2-0.10.rc1.el6_3.6.i686
Feb 20 14:27:21 Updated: pulseaudio-module-x11-0.9.21-14.el6_3.i686
Feb 20 14:27:21 Updated: pulseaudio-module-gconf-0.9.21-14.el6_3.i686
Feb 20 14:27:22 Updated: pulseaudio-module-bluetooth-0.9.21-14.el6_3.i686
Feb 20 14:27:22 Updated: xorg-x11-drv-intel-2.16.0-4.el6.i686
Feb 20 14:27:23 Updated: xorg-x11-drv-ati-6.14.2-9.el6.i686
Feb 20 14:27:24 Updated: vsftpd-2.2.2-11.el6_3.1.i686
Feb 20 14:27:28 Updated: rsyslog-5.8.10-2.el6.i686
Feb 20 14:27:31 Updated: gnome-screensaver-2.28.3-18.el6_3.1.i686
Feb 20 14:27:33 Updated: gnome-system-monitor-2.28.0-11.el6.i686
Feb 20 14:27:33 Updated: xorg-x11-drv-qxl-0.0.14-14.el6_3.i686
Feb 20 14:27:34 Updated: xorg-x11-drv-mga-1.4.13-7.el6.i686
Feb 20 14:27:35 Updated: biosdevname-0.3.11-1.el6_3.1.i686
Feb 20 14:27:36 Updated: 1:smartmontools-5.42-2.el6.i686
Feb 20 14:27:37 Updated: rng-tools-2-13.el6_2.i686
Feb 20 14:27:37 Updated: 1:microcode_ctl-1.17-11.el6.i686
Feb 20 14:27:38 Updated: pcsc-lite-1.5.2-8.el6_3.i686
Feb 20 14:27:42 Updated: gnome-packagekit-2.28.3-4.el6_3.i686
Feb 20 14:27:42 Updated: 2:vim-enhanced-7.2.411-1.8.el6.i686
Feb 20 14:27:43 Updated: 14:tcpdump-4.0.0-3.20090921gitdf3cb4.2.el6.i686
Feb 20 14:27:45 Updated: mysql-libs-5.1.67-1.el6_3.i686
Feb 20 14:27:45 Updated: fprintd-pam-0.1-20.git04fd09cfa.el6.i686
Feb 20 14:27:46 Updated: at-3.1.10-43.el6_2.1.i686
Feb 20 14:27:47 Updated: sysstat-9.0.4-20.el6.i686
Feb 20 14:27:48 Updated: audit-2.2-2.el6.i686
Feb 20 14:27:49 Updated: psacct-6.3.2-63.el6_3.3.i686
Feb 20 14:27:50 Updated: tcsh-6.17-19.el6_2.i686
Feb 20 14:27:50 Updated: glx-utils-7.11-5.el6.i686
Feb 20 14:27:55 Updated: gnome-power-manager-2.28.3-6.el6_2.i686
Feb 20 14:27:57 Updated: libgweather-2.28.0-5.el6.i686
Feb 20 14:28:02 Updated: ghostscript-8.70-14.el6_3.1.i686
Feb 20 14:28:06 Updated: iptables-ipv6-1.4.7-5.1.el6_2.i686
Feb 20 14:28:07 Updated: cifs-utils-4.8.1-10.el6.i686
Feb 20 14:28:08 Updated: db4-utils-4.7.25-17.el6.i686
Feb 20 14:28:10 Updated: libatasmart-0.17-4.el6_2.i686
Feb 20 14:28:10 Updated: 2:irqbalance-0.55-35.el6_3.i686
Feb 20 14:28:11 Updated: ntsysv-1.3.49.3-2.el6.i686
Feb 20 14:28:11 Updated: lsof-4.82-4.el6.i686
Feb 20 14:28:13 Updated: alsa-utils-1.0.22-3.el6.i686
Feb 20 14:28:14 Updated: strace-4.5.19-1.11.el6_3.2.i686
Feb 20 14:28:15 Updated: openjpeg-libs-1.3-9.el6_3.i686
Feb 20 14:28:16 Updated: rsync-3.0.6-9.el6.i686
Feb 20 14:28:16 Updated: pcsc-lite-libs-1.5.2-8.el6_3.i686
Feb 20 14:28:17 Updated: nfs4-acl-tools-0.3.3-6.el6.i686
Feb 20 14:28:18 Updated: 1:libvorbis-1.2.3-4.el6_2.1.i686
Feb 20 14:28:19 Updated: efibootmgr-0.5.4-10.el6.i686
Feb 21 17:30:40 Installed: libgssglue-devel-0.1-11.el6.i686
Feb 21 17:30:40 Installed: nfs-utils-lib-devel-1.1.5-4.el6.i686
Feb 24 15:27:26 Installed: procmail-3.22-25.1.el6.i686
Feb 24 15:27:29 Installed: sendmail-8.14.4-8.el6.i686
Feb 26 17:04:57 Installed: 2:nmap-5.51-2.el6.i686
Feb 28 15:22:54 Installed: system-config-language-1.3.4-5.el6.noarch
Feb 28 15:22:57 Installed: system-config-kickstart-2.8.6.4-1.el6.noarch
